\BOOKMARK [0][-]{chapter.1}{Introduction}{}% 1
\BOOKMARK [1][-]{section.1.1}{KiCad}{chapter.1}% 2
\BOOKMARK [1][-]{section.1.2}{eSim}{chapter.1}% 3
\BOOKMARK [1][-]{section.1.3}{ngSpice}{chapter.1}% 4
\BOOKMARK [0][-]{chapter.2}{KiCad Nightly Build \(v5\)}{}% 5
\BOOKMARK [1][-]{section.2.1}{Building KiCad}{chapter.2}% 6
\BOOKMARK [1][-]{section.2.2}{Bug : Autoplot PDF when saving projects}{chapter.2}% 7
\BOOKMARK [1][-]{section.2.3}{Bug : Add hotkey for opening context menu in eeschema}{chapter.2}% 8
\BOOKMARK [1][-]{section.2.4}{Bug : Ability to open project folder in host operating system}{chapter.2}% 9
\BOOKMARK [1][-]{section.2.5}{Bug : Inconsistent reference field parsing during editor copy}{chapter.2}% 10
\BOOKMARK [0][-]{chapter.3}{Digital Simulation and Component Parser}{}% 11
\BOOKMARK [1][-]{section.3.1}{Digital Simulation in KiCad}{chapter.3}% 12
\BOOKMARK [1][-]{section.3.2}{Parser to increase supported components in eSim}{chapter.3}% 13
\BOOKMARK [2][-]{subsection.3.2.1}{LM741}{section.3.2}% 14
\BOOKMARK [2][-]{subsection.3.2.2}{LM733H}{section.3.2}% 15
\BOOKMARK [0][-]{chapter.4}{eSim}{}% 16
\BOOKMARK [1][-]{section.4.1}{Increase External Pins for Sub-Circuits}{chapter.4}% 17
\BOOKMARK [1][-]{section.4.2}{Introduced Rename Project Option}{chapter.4}% 18
\BOOKMARK [1][-]{section.4.3}{Improve handling of unknown components}{chapter.4}% 19
\BOOKMARK [1][-]{section.4.4}{Introduced workspace functionality in eSim}{chapter.4}% 20
\BOOKMARK [1][-]{section.4.5}{Improve the simulation dependecy problem in new ubuntu version}{chapter.4}% 21
\BOOKMARK [0][-]{chapter.5}{Standalone Installer for eSim}{}% 22
\BOOKMARK [0][-]{chapter.6}{Conclusion and future work}{}% 23
\BOOKMARK [0][-]{chapter.7}{References}{}% 24
